Determining if the pthread_create exist failed with the following output:
Change Dir: /home/cms-b/.gazebo/models/my_robot/build/CMakeFiles/CMakeTmp

Run Build Command:/usr/bin/make "cmTryCompileExec453089803/fast"
/usr/bin/make -f CMakeFiles/cmTryCompileExec453089803.dir/build.make CMakeFiles/cmTryCompileExec453089803.dir/build
make[1]: Entering directory `/home/cms-b/.gazebo/models/my_robot/build/CMakeFiles/CMakeTmp'
/usr/bin/cmake -E cmake_progress_report /home/cms-b/.gazebo/models/my_robot/build/CMakeFiles/CMakeTmp/CMakeFiles 1
Building C object CMakeFiles/cmTryCompileExec453089803.dir/CheckSymbolExists.c.o
/usr/bin/cc    -o CMakeFiles/cmTryCompileExec453089803.dir/CheckSymbolExists.c.o   -c /home/cms-b/.gazebo/models/my_robot/build/CMakeFiles/CMakeTmp/CheckSymbolExists.c
Linking C executable cmTryCompileExec453089803
/usr/bin/cmake -E cmake_link_script CMakeFiles/cmTryCompileExec453089803.dir/link.txt --verbose=1
/usr/bin/cc       CMakeFiles/cmTryCompileExec453089803.dir/CheckSymbolExists.c.o  -o cmTryCompileExec453089803 -rdynamic 
CMakeFiles/cmTryCompileExec453089803.dir/CheckSymbolExists.c.o: In function `main':
CheckSymbolExists.c:(.text+0x16): undefined reference to `pthread_create'
collect2: error: ld returned 1 exit status
make[1]: *** [cmTryCompileExec453089803] Error 1
make[1]: Leaving directory `/home/cms-b/.gazebo/models/my_robot/build/CMakeFiles/CMakeTmp'
make: *** [cmTryCompileExec453089803/fast] Error 2

File /home/cms-b/.gazebo/models/my_robot/build/CMakeFiles/CMakeTmp/CheckSymbolExists.c:
/* */
#include <pthread.h>

int main(int argc, char** argv)
{
  (void)argv;
#ifndef pthread_create
  return ((int*)(&pthread_create))[argc];
#else
  (void)argc;
  return 0;
#endif
}

Determining if the function pthread_create exists in the pthreads failed with the following output:
Change Dir: /home/cms-b/.gazebo/models/my_robot/build/CMakeFiles/CMakeTmp

Run Build Command:/usr/bin/make "cmTryCompileExec174939026/fast"
/usr/bin/make -f CMakeFiles/cmTryCompileExec174939026.dir/build.make CMakeFiles/cmTryCompileExec174939026.dir/build
make[1]: Entering directory `/home/cms-b/.gazebo/models/my_robot/build/CMakeFiles/CMakeTmp'
/usr/bin/cmake -E cmake_progress_report /home/cms-b/.gazebo/models/my_robot/build/CMakeFiles/CMakeTmp/CMakeFiles 1
Building C object CMakeFiles/cmTryCompileExec174939026.dir/CheckFunctionExists.c.o
/usr/bin/cc   -DCHECK_FUNCTION_EXISTS=pthread_create   -o CMakeFiles/cmTryCompileExec174939026.dir/CheckFunctionExists.c.o   -c /usr/share/cmake-2.8/Modules/CheckFunctionExists.c
Linking C executable cmTryCompileExec174939026
/usr/bin/cmake -E cmake_link_script CMakeFiles/cmTryCompileExec174939026.dir/link.txt --verbose=1
/usr/bin/cc   -DCHECK_FUNCTION_EXISTS=pthread_create    CMakeFiles/cmTryCompileExec174939026.dir/CheckFunctionExists.c.o  -o cmTryCompileExec174939026 -rdynamic -lpthreads 
/usr/bin/ld: cannot find -lpthreads
collect2: error: ld returned 1 exit status
make[1]: *** [cmTryCompileExec174939026] Error 1
make[1]: Leaving directory `/home/cms-b/.gazebo/models/my_robot/build/CMakeFiles/CMakeTmp'
make: *** [cmTryCompileExec174939026/fast] Error 2


Determining if the pthread_create exist failed with the following output:
Change Dir: /home/billy/.gazebo/models/my_robot/build/CMakeFiles/CMakeTmp

Run Build Command:/usr/bin/make "cmTryCompileExec665248152/fast"
/usr/bin/make -f CMakeFiles/cmTryCompileExec665248152.dir/build.make CMakeFiles/cmTryCompileExec665248152.dir/build
make[1]: Entering directory `/home/billy/.gazebo/models/my_robot/build/CMakeFiles/CMakeTmp'
/usr/bin/cmake -E cmake_progress_report /home/billy/.gazebo/models/my_robot/build/CMakeFiles/CMakeTmp/CMakeFiles 1
Building C object CMakeFiles/cmTryCompileExec665248152.dir/CheckSymbolExists.c.o
/usr/bin/cc    -o CMakeFiles/cmTryCompileExec665248152.dir/CheckSymbolExists.c.o   -c /home/billy/.gazebo/models/my_robot/build/CMakeFiles/CMakeTmp/CheckSymbolExists.c
Linking C executable cmTryCompileExec665248152
/usr/bin/cmake -E cmake_link_script CMakeFiles/cmTryCompileExec665248152.dir/link.txt --verbose=1
/usr/bin/cc       CMakeFiles/cmTryCompileExec665248152.dir/CheckSymbolExists.c.o  -o cmTryCompileExec665248152 -rdynamic 
CMakeFiles/cmTryCompileExec665248152.dir/CheckSymbolExists.c.o: In function `main':
CheckSymbolExists.c:(.text+0x16): undefined reference to `pthread_create'
collect2: error: ld returned 1 exit status
make[1]: Leaving directory `/home/billy/.gazebo/models/my_robot/build/CMakeFiles/CMakeTmp'
make[1]: *** [cmTryCompileExec665248152] Error 1
make: *** [cmTryCompileExec665248152/fast] Error 2

File /home/billy/.gazebo/models/my_robot/build/CMakeFiles/CMakeTmp/CheckSymbolExists.c:
/* */
#include <pthread.h>

int main(int argc, char** argv)
{
  (void)argv;
#ifndef pthread_create
  return ((int*)(&pthread_create))[argc];
#else
  (void)argc;
  return 0;
#endif
}

Determining if the function pthread_create exists in the pthreads failed with the following output:
Change Dir: /home/billy/.gazebo/models/my_robot/build/CMakeFiles/CMakeTmp

Run Build Command:/usr/bin/make "cmTryCompileExec2605542846/fast"
/usr/bin/make -f CMakeFiles/cmTryCompileExec2605542846.dir/build.make CMakeFiles/cmTryCompileExec2605542846.dir/build
make[1]: Entering directory `/home/billy/.gazebo/models/my_robot/build/CMakeFiles/CMakeTmp'
/usr/bin/cmake -E cmake_progress_report /home/billy/.gazebo/models/my_robot/build/CMakeFiles/CMakeTmp/CMakeFiles 1
Building C object CMakeFiles/cmTryCompileExec2605542846.dir/CheckFunctionExists.c.o
/usr/bin/cc   -DCHECK_FUNCTION_EXISTS=pthread_create   -o CMakeFiles/cmTryCompileExec2605542846.dir/CheckFunctionExists.c.o   -c /usr/share/cmake-2.8/Modules/CheckFunctionExists.c
Linking C executable cmTryCompileExec2605542846
/usr/bin/cmake -E cmake_link_script CMakeFiles/cmTryCompileExec2605542846.dir/link.txt --verbose=1
/usr/bin/cc   -DCHECK_FUNCTION_EXISTS=pthread_create    CMakeFiles/cmTryCompileExec2605542846.dir/CheckFunctionExists.c.o  -o cmTryCompileExec2605542846 -rdynamic -lpthreads 
/usr/bin/ld: cannot find -lpthreads
collect2: error: ld returned 1 exit status
make[1]: *** [cmTryCompileExec2605542846] Error 1
make[1]: Leaving directory `/home/billy/.gazebo/models/my_robot/build/CMakeFiles/CMakeTmp'
make: *** [cmTryCompileExec2605542846/fast] Error 2


Determining if the pthread_create exist failed with the following output:
Change Dir: /home/billy/.gazebo/models/my_robot/build/CMakeFiles/CMakeTmp

Run Build Command:/usr/bin/make "cmTryCompileExec3433342409/fast"
/usr/bin/make -f CMakeFiles/cmTryCompileExec3433342409.dir/build.make CMakeFiles/cmTryCompileExec3433342409.dir/build
make[1]: Entering directory `/home/billy/.gazebo/models/my_robot/build/CMakeFiles/CMakeTmp'
/usr/bin/cmake -E cmake_progress_report /home/billy/.gazebo/models/my_robot/build/CMakeFiles/CMakeTmp/CMakeFiles 1
Building C object CMakeFiles/cmTryCompileExec3433342409.dir/CheckSymbolExists.c.o
/usr/bin/cc    -o CMakeFiles/cmTryCompileExec3433342409.dir/CheckSymbolExists.c.o   -c /home/billy/.gazebo/models/my_robot/build/CMakeFiles/CMakeTmp/CheckSymbolExists.c
Linking C executable cmTryCompileExec3433342409
/usr/bin/cmake -E cmake_link_script CMakeFiles/cmTryCompileExec3433342409.dir/link.txt --verbose=1
/usr/bin/cc       CMakeFiles/cmTryCompileExec3433342409.dir/CheckSymbolExists.c.o  -o cmTryCompileExec3433342409 -rdynamic 
CMakeFiles/cmTryCompileExec3433342409.dir/CheckSymbolExists.c.o: In function `main':
CheckSymbolExists.c:(.text+0x16): undefined reference to `pthread_create'
collect2: error: ld returned 1 exit status
make[1]: *** [cmTryCompileExec3433342409] Error 1
make[1]: Leaving directory `/home/billy/.gazebo/models/my_robot/build/CMakeFiles/CMakeTmp'
make: *** [cmTryCompileExec3433342409/fast] Error 2

File /home/billy/.gazebo/models/my_robot/build/CMakeFiles/CMakeTmp/CheckSymbolExists.c:
/* */
#include <pthread.h>

int main(int argc, char** argv)
{
  (void)argv;
#ifndef pthread_create
  return ((int*)(&pthread_create))[argc];
#else
  (void)argc;
  return 0;
#endif
}

Determining if the function pthread_create exists in the pthreads failed with the following output:
Change Dir: /home/billy/.gazebo/models/my_robot/build/CMakeFiles/CMakeTmp

Run Build Command:/usr/bin/make "cmTryCompileExec681214923/fast"
/usr/bin/make -f CMakeFiles/cmTryCompileExec681214923.dir/build.make CMakeFiles/cmTryCompileExec681214923.dir/build
make[1]: Entering directory `/home/billy/.gazebo/models/my_robot/build/CMakeFiles/CMakeTmp'
/usr/bin/cmake -E cmake_progress_report /home/billy/.gazebo/models/my_robot/build/CMakeFiles/CMakeTmp/CMakeFiles 1
Building C object CMakeFiles/cmTryCompileExec681214923.dir/CheckFunctionExists.c.o
/usr/bin/cc   -DCHECK_FUNCTION_EXISTS=pthread_create   -o CMakeFiles/cmTryCompileExec681214923.dir/CheckFunctionExists.c.o   -c /usr/share/cmake-2.8/Modules/CheckFunctionExists.c
Linking C executable cmTryCompileExec681214923
/usr/bin/cmake -E cmake_link_script CMakeFiles/cmTryCompileExec681214923.dir/link.txt --verbose=1
/usr/bin/cc   -DCHECK_FUNCTION_EXISTS=pthread_create    CMakeFiles/cmTryCompileExec681214923.dir/CheckFunctionExists.c.o  -o cmTryCompileExec681214923 -rdynamic -lpthreads 
/usr/bin/ld: cannot find -lpthreads
collect2: error: ld returned 1 exit status
make[1]: *** [cmTryCompileExec681214923] Error 1
make[1]: Leaving directory `/home/billy/.gazebo/models/my_robot/build/CMakeFiles/CMakeTmp'
make: *** [cmTryCompileExec681214923/fast] Error 2


